  main.cpp
c:\users\lianqy\desktop\final_project\final_project\tool.h(22): warning C4244: “初始化”: 从“double”转换到“float”，可能丢失数据
c:\users\lianqy\desktop\final_project\final_project\tool.h(63): warning C4244: “初始化”: 从“double”转换到“float”，可能丢失数据
c:\users\lianqy\desktop\final_project\final_project\tool.h(66): warning C4244: “初始化”: 从“double”转换到“float”，可能丢失数据
c:\users\lianqy\desktop\final_project\final_project\tool.h(68): warning C4244: “初始化”: 从“double”转换到“float”，可能丢失数据
c:\users\lianqy\desktop\final_project\final_project\tool.h(76): warning C4305: “+=”: 从“const double”到“float”截断
c:\users\lianqy\desktop\final_project\final_project\tool.h(77): warning C4244: “=”: 从“double”转换到“float”，可能丢失数据
c:\users\lianqy\desktop\final_project\final_project\tool.h(411): warning C4244: “参数”: 从“double”转换到“const float”，可能丢失数据
c:\users\lianqy\desktop\final_project\final_project\tool.h(412): warning C4244: “参数”: 从“double”转换到“const float”，可能丢失数据
c:\users\lianqy\desktop\final_project\final_project\tool.h(413): warning C4244: “参数”: 从“double”转换到“const float”，可能丢失数据
c:\users\lianqy\desktop\final_project\final_project\tool.h(414): warning C4244: “参数”: 从“double”转换到“const float”，可能丢失数据
c:\users\lianqy\desktop\final_project\final_project\tool.h(415): warning C4244: “参数”: 从“double”转换到“const float”，可能丢失数据
c:\users\lianqy\desktop\final_project\final_project\tool.h(416): warning C4244: “参数”: 从“double”转换到“const float”，可能丢失数据
c:\users\lianqy\desktop\final_project\final_project\tool.h(417): warning C4244: “参数”: 从“double”转换到“const float”，可能丢失数据
c:\users\lianqy\desktop\final_project\final_project\tool.h(418): warning C4244: “参数”: 从“double”转换到“const float”，可能丢失数据
c:\users\lianqy\desktop\final_project\final_project\tool.h(422): warning C4244: “参数”: 从“int”转换到“const float”，可能丢失数据
c:\users\lianqy\desktop\final_project\final_project\tool.h(423): warning C4244: “参数”: 从“int”转换到“const float”，可能丢失数据
c:\users\lianqy\desktop\final_project\final_project\tool.h(424): warning C4244: “参数”: 从“int”转换到“const float”，可能丢失数据
c:\users\lianqy\desktop\final_project\final_project\tool.h(425): warning C4244: “参数”: 从“int”转换到“const float”，可能丢失数据
c:\users\lianqy\desktop\final_project\final_project\tool.h(432): warning C4244: “参数”: 从“double”转换到“const unsigned int”，可能丢失数据
c:\users\lianqy\desktop\final_project\final_project\tool.h(433): warning C4244: “参数”: 从“double”转换到“const unsigned int”，可能丢失数据
c:\users\lianqy\desktop\final_project\final_project\tool.h(434): warning C4244: “参数”: 从“double”转换到“const unsigned int”，可能丢失数据
c:\users\lianqy\desktop\final_project\final_project\tool.h(452): warning C4244: “参数”: 从“float”转换到“int”，可能丢失数据
c:\users\lianqy\desktop\final_project\final_project\tool.h(465): warning C4018: “<”: 有符号/无符号不匹配
c:\users\lianqy\desktop\final_project\final_project\tool.h(468): warning C4018: “<”: 有符号/无符号不匹配
c:\users\lianqy\desktop\final_project\final_project\tool.h(528): warning C4018: “>=”: 有符号/无符号不匹配
c:\users\lianqy\desktop\final_project\final_project\tool.h(548): warning C4267: “=”: 从“size_t”转换到“int”，可能丢失数据
c:\users\lianqy\desktop\final_project\final_project\tool.h(559): warning C4267: “=”: 从“size_t”转换到“int”，可能丢失数据
c:\users\lianqy\desktop\final_project\final_project\tool.h(598): warning C4267: “+=”: 从“size_t”转换到“int”，可能丢失数据
main.cpp(14): warning C4244: “初始化”: 从“double”转换到“float”，可能丢失数据
main.cpp(15): warning C4244: “参数”: 从“float”转换到“const int”，可能丢失数据
c:\users\lianqy\desktop\final_project\final_project\CImg.h(14407): warning C4319: “~”: 将“unsigned long”扩展到更大的“double”时为零
  c:\users\lianqy\desktop\final_project\final_project\CImg.h(14406): note: 编译类 模板 成员函数“double cimg_library::CImg<float>::_cimg_math_parser::mp_bitwise_not(cimg_library::CImg<float>::_cimg_math_parser &)”时
  c:\users\lianqy\desktop\final_project\final_project\CImg.h(14138): note: 参见对正在编译的函数 模板 实例化“double cimg_library::CImg<float>::_cimg_math_parser::mp_bitwise_not(cimg_library::CImg<float>::_cimg_math_parser &)”的引用
  c:\users\lianqy\desktop\final_project\final_project\CImg.h(16160): note: 参见对正在编译的类 模板 实例化“cimg_library::CImg<float>::_cimg_math_parser”的引用
  c:\users\lianqy\desktop\final_project\final_project\CImg.h(16158): note: 编译类 模板 成员函数“double cimg_library::CImg<float>::eval(const char *const ,const double,const double,const double,const double) const”时
  c:\users\lianqy\desktop\final_project\final_project\CImg.h(50762): note: 参见对正在编译的函数 模板 实例化“double cimg_library::CImg<float>::eval(const char *const ,const double,const double,const double,const double) const”的引用
  c:\users\lianqy\desktop\final_project\final_project\CImg.h(27785): note: 参见对正在编译的类 模板 实例化“cimg_library::CImg<float>”的引用
  c:\users\lianqy\desktop\final_project\final_project\CImg.h(49813): note: 参见对正在编译的类 模板 实例化“cimg_library::CImg<char>”的引用
  正在生成代码
  147 of 3128 functions ( 4.7%) were compiled, the rest were copied from previous compilation.
    0 functions were new in current compilation
    143 functions had inline decision re-evaluated but remain unchanged
  已完成代码的生成
  final_project.vcxproj -> C:\Users\Lianqy\Desktop\final_project\x64\Release\final_project.exe
  final_project.vcxproj -> C:\Users\Lianqy\Desktop\final_project\x64\Release\final_project.pdb (Full PDB)
